 _________________________________________________

 KRAKEN- Pekeris                                                                 
 Frequency =   1000.    Hz
 NMedia    =   1


     N2-Linear approximation to SSP
     Attenuation units: dB/mkHz
     VACUUM


   z (m)     alphaR (m/s)   betaR  rho (g/cm^3)  alphaI     betaI


       ( # mesh points =     0  RMS rough =   0.00     )
      0.00      1500.00      0.00     1.00       0.0000    0.0000
   5000.00      1500.00      0.00     1.00       0.0000    0.0000
        ( Number mesh points auto calc. =        66666  )

                                 ( RMS rough =   0.00     )
     ACOUSTO-ELASTIC half-space
   5000.00      2000.00      0.00     2.00       0.0000    0.0000

 cLow =   1500.0    m/s      cHigh =   2000.0    m/s
 RMax =    200.00000000000000      km

 __________________________________________________________________________


 Number of source   depths =            1
 Source depths (m)
   500.000    

 Number of receiver depths =         1001
 Receiver depths (m)
   0.00000       5.00000       10.0000       15.0000       20.0000    
   25.0000       30.0000       35.0000       40.0000       45.0000    
   50.0000       55.0000       60.0000       65.0000       70.0000    
   75.0000       80.0000       85.0000       90.0000       95.0000    
   100.000    
  ...    5000.00000    

 Mesh multiplier   CPU seconds
                --- Number of modes =         4418
        1             12.4    s
                --- Number of modes =         4412
        2             9.39    s
        4             7.42    s

    I    k (1/m)            alpha (1/m)   Phase Speed (m/s) Group Speed (m/s)
    1   4.188790158       0.000000000       1500.000017       1499.999983    
  148   4.187758174       0.000000000       1500.369660       1499.630676    
  295   4.184688419       0.000000000       1501.470283       1498.532137    
  442   4.179576396       0.000000000       1503.306726       1496.702784    
  589   4.172414580       0.000000000       1505.887104       1494.139972    
  736   4.163192374       0.000000000       1509.222909       1490.839981    
  883   4.151896025       0.000000000       1513.329156       1486.797993    
 1030   4.138508520       0.000000000       1518.224567       1482.008058    
 1177   4.123009462       0.000000000       1523.931819       1476.463057    
 1324   4.105374907       0.000000000       1530.477837       1470.154646    
 1471   4.085577174       0.000000000       1537.894167       1463.073197    
 1618   4.063584621       0.000000000       1546.217415       1455.207714    
 1765   4.039361372       0.000000000       1555.489774       1446.545749    
 1912   4.012867010       0.000000000       1565.759666       1437.073287    
 2059   3.984056204       0.000000000       1577.082497       1426.774623    
 2206   3.952878289       0.000000000       1589.521571       1415.632215    
 2353   3.919276758       0.000000000       1603.149176       1403.626506    
 2500   3.883188689       0.000000000       1618.047901       1390.735732    
 2647   3.844544051       0.000000000       1634.312216       1376.935679    
 2794   3.803264916       0.000000000       1652.050395       1362.199417    
 2941   3.759264499       0.000000000       1671.386866       1346.496972    
 3088   3.712446052       0.000000000       1692.465081       1329.794952    
 3235   3.662701532       0.000000000       1715.451082       1312.056101    
 3382   3.609910003       0.000000000       1740.537936       1293.238770    
 3529   3.553935729       0.000000000       1767.951304       1273.296302    
 3676   3.494625847       0.000000000       1797.956514       1252.176316    
 3823   3.431807533       0.000000000       1830.867625       1229.819914    
 3970   3.365284522       0.000000000       1867.059164       1206.160981    
 4117   3.294832828       0.000000000       1906.981518       1181.126404    
 4264   3.220195670       0.000000000       1951.181217       1154.643652    
 _________________________________________________

 End of environmental file
