 _________________________________________________

 KRAKEN- Kraken                                                                  
 Frequency =   20.00    Hz
 NMedia    =   1


     N2-Linear approximation to SSP
     Attenuation units: dB/mkHz
     VACUUM


   z (m)     alphaR (m/s)   betaR  rho (g/cm^3)  alphaI     betaI


       ( # mesh points =     0  RMS rough =   0.00     )
      0.00      1500.00      0.00     1.00       0.0000    0.0000
   5000.00      1500.00      0.00     1.00       0.0000    0.0000
        ( Number mesh points auto calc. =         1333  )

                                 ( RMS rough =   0.00     )
     ACOUSTO-ELASTIC half-space
   5000.00      2000.00      0.00     2.00       0.0000    0.0000

 cLow =   1500.0    m/s      cHigh =   2000.0    m/s
 RMax =    200.00000000000000      km

 __________________________________________________________________________


 Number of source   depths =            1
 Source depths (m)
   500.000    

 Number of receiver depths =         1001
 Receiver depths (m)
   0.00000       5.00000       10.0000       15.0000       20.0000    
   25.0000       30.0000       35.0000       40.0000       45.0000    
   50.0000       55.0000       60.0000       65.0000       70.0000    
   75.0000       80.0000       85.0000       90.0000       95.0000    
   100.000    
  ...    5000.00000    

 Mesh multiplier   CPU seconds
                --- Number of modes =           88
        1             0.00    s
                --- Number of modes =           88
        2             0.00    s

    I    k (1/m)            alpha (1/m)   Phase Speed (m/s) Group Speed (m/s)
    1  0.8377348152E-01   0.000000000       1500.041587       1499.959776    
    3  0.8375489832E-01   0.000000000       1500.374410       1499.637909    
    5  0.8371771821E-01   0.000000000       1501.040745       1498.993761    
    7  0.8366191375E-01   0.000000000       1502.041975       1498.026508    
    9  0.8358744377E-01   0.000000000       1503.380179       1496.734939    
   11  0.8349425329E-01   0.000000000       1505.058147       1495.117470    
   13  0.8338227355E-01   0.000000000       1507.079392       1493.172171    
   15  0.8325142185E-01   0.000000000       1509.448167       1490.896796    
   17  0.8310160146E-01   0.000000000       1512.169488       1488.288811    
   19  0.8293270145E-01   0.000000000       1515.249159       1485.345415    
   21  0.8274459650E-01   0.000000000       1518.693806       1482.063569    
   23  0.8253714657E-01   0.000000000       1522.510910       1478.440012    
   25  0.8231019660E-01   0.000000000       1526.708857       1474.471275    
   27  0.8206357606E-01   0.000000000       1531.296979       1470.153686    
   29  0.8179709847E-01   0.000000000       1536.285620       1465.483378    
   31  0.8151056078E-01   0.000000000       1541.686193       1460.456282    
   33  0.8120374272E-01   0.000000000       1547.511259       1455.068124    
   35  0.8087640598E-01   0.000000000       1553.774610       1449.314407    
   37  0.8052829336E-01   0.000000000       1560.491361       1443.190403    
   39  0.8015912776E-01   0.000000000       1567.678063       1436.691129    
   41  0.7976861103E-01   0.000000000       1575.352818       1429.811331    
   43  0.7935642276E-01   0.000000000       1583.535419       1422.545459    
   45  0.7892221886E-01   0.000000000       1592.247506       1414.887644    
   47  0.7846563001E-01   0.000000000       1601.512740       1406.831670    
   49  0.7798625996E-01   0.000000000       1611.357003       1398.370955    
   51  0.7748368359E-01   0.000000000       1621.808622       1389.498519    
   53  0.7695744482E-01   0.000000000       1632.898629       1380.206962    
   55  0.7640705425E-01   0.000000000       1644.661051       1370.488443    
   57  0.7583198652E-01   0.000000000       1657.133248       1360.334659    
   59  0.7523167748E-01   0.000000000       1670.356296       1349.736835    
   61  0.7460552090E-01   0.000000000       1684.375427       1338.685725    
   63  0.7395286496E-01   0.000000000       1699.240539       1327.171629    
   65  0.7327300828E-01   0.000000000       1715.006782       1315.184444    
   67  0.7256519556E-01   0.000000000       1731.735237       1302.713774    
   69  0.7182861285E-01   0.000000000       1749.493707       1289.749121    
   71  0.7106238238E-01   0.000000000       1768.357631       1276.280250    
   73  0.7026555719E-01   0.000000000       1788.411153       1262.297855    
   75  0.6943711582E-01   0.000000000       1809.748355       1247.794803    
   77  0.6857595777E-01   0.000000000       1832.474678       1232.768616    
   79  0.6768090167E-01   0.000000000       1856.708511       1217.226728    
   81  0.6675069077E-01   0.000000000       1882.582857       1201.198955    
   83  0.6578401976E-01   0.000000000       1910.246692       1184.772203    
   85  0.6477963517E-01   0.000000000       1939.864370       1168.216076    
   87  0.6373681261E-01   0.000000000       1971.603238       1152.745841    
 _________________________________________________

 End of environmental file
