 _________________________________________________

 KRAKEN- Pekeris                                                                 
 Frequency =   22.67    Hz
 NMedia    =   1


     N2-Linear approximation to SSP
     Attenuation units: dB/mkHz
     VACUUM


   z (m)     alphaR (m/s)   betaR  rho (g/cm^3)  alphaI     betaI


       ( # mesh points =     0  RMS rough =   0.00     )
      0.00      1500.00      0.00     1.00       0.0000    0.0000
   5000.00      1500.00      0.00     1.00       0.0000    0.0000
        ( Number mesh points auto calc. =         1511  )

                                 ( RMS rough =   0.00     )
     ACOUSTO-ELASTIC half-space
   5000.00      2000.00      0.00     2.00       0.0000    0.0000

 cLow =   1500.0    m/s      cHigh =   2000.0    m/s
 RMax =    200.00000000000000      km

 __________________________________________________________________________


 Number of source   depths =            1
 Source depths (m)
   500.000    

 Number of receiver depths =         1001
 Receiver depths (m)
   0.00000       5.00000       10.0000       15.0000       20.0000    
   25.0000       30.0000       35.0000       40.0000       45.0000    
   50.0000       55.0000       60.0000       65.0000       70.0000    
   75.0000       80.0000       85.0000       90.0000       95.0000    
   100.000    
  ...    5000.00000    

 Mesh multiplier   CPU seconds
                --- Number of modes =          100
        1            0.156E-01s
                --- Number of modes =          100
        2             0.00    s

    I    k (1/m)            alpha (1/m)   Phase Speed (m/s) Group Speed (m/s)
    1  0.9494399815E-01   0.000000000       1500.032431       1499.968507    
    4  0.9491320056E-01   0.000000000       1500.519165       1499.495967    
    7  0.9484540729E-01   0.000000000       1501.591700       1498.455398    
   10  0.9474053155E-01   0.000000000       1503.253930       1496.844626    
   13  0.9459843899E-01   0.000000000       1505.511908       1494.660364    
   16  0.9441894745E-01   0.000000000       1508.373904       1491.898306    
   19  0.9420182648E-01   0.000000000       1511.850478       1488.553217    
   22  0.9394679661E-01   0.000000000       1515.954578       1484.619032    
   25  0.9365352837E-01   0.000000000       1520.701664       1480.088939    
   28  0.9332164089E-01   0.000000000       1526.109861       1474.955439    
   31  0.9295070010E-01   0.000000000       1532.200148       1469.210386    
   34  0.9254021645E-01   0.000000000       1538.996578       1462.844995    
   37  0.9208964216E-01   0.000000000       1546.526548       1455.849829    
   40  0.9159836784E-01   0.000000000       1554.821115       1448.214758    
   43  0.9106571854E-01   0.000000000       1563.915365       1439.928906    
   46  0.9049094908E-01   0.000000000       1573.848853       1430.980571    
   49  0.8987323871E-01   0.000000000       1584.666119       1421.357145    
   52  0.8921168483E-01   0.000000000       1596.417293       1411.045015    
   55  0.8850529589E-01   0.000000000       1609.158808       1400.029462    
   58  0.8775298312E-01   0.000000000       1622.954244       1388.294552    
   61  0.8695355110E-01   0.000000000       1637.875332       1375.823034    
   64  0.8610568691E-01   0.000000000       1654.003139       1362.596234    
   67  0.8520794768E-01   0.000000000       1671.429488       1348.593976    
   70  0.8425874621E-01   0.000000000       1690.258671       1333.794542    
   73  0.8325633450E-01   0.000000000       1710.609496       1318.174703    
   76  0.8219878481E-01   0.000000000       1732.617784       1301.709924    
   79  0.8108396817E-01   0.000000000       1756.439400       1284.374890    
   82  0.7990953020E-01   0.000000000       1782.253957       1266.144741    
   85  0.7867286529E-01   0.000000000       1810.269346       1246.997918    
   88  0.7737109195E-01   0.000000000       1840.727238       1226.923089    
   91  0.7600103960E-01   0.000000000       1873.909583       1205.938060    
   94  0.7455928422E-01   0.000000000       1910.145435       1184.153450    
   97  0.7304242244E-01   0.000000000       1949.813159       1162.092726    
  100  0.7145012296E-01   0.000000000       1993.265659       1146.571638    
 _________________________________________________

 End of environmental file
