 _________________________________________________

 KRAKEN- Ideal                                                                   
 Nominal Frequency =   1000.    Hz
 NMedia    =   1


     Spline approximation to SSP
     Attenuation units: dB/wavelength


   z (m)     alphaR (m/s)   betaR  rho (g/cm^3)  alphaI     betaI

     VACUUM

       ( # mesh points =     0  RMS roughness =   0.00     m )
      0.00      1500.00      0.00     1.00       0.0000    0.0000
    100.00      1500.00      0.00     1.00       0.0000    0.0000
        ( Number mesh points auto calc. =         1333  )

                              ( RMS roughness =   0.00     m )
     ACOUSTO-ELASTIC half-space
     50.00      1800.00      0.00     1.80       0.1000    0.0000

 cLow =   1.0000     m/s      cHigh =   2400.0     m/s
 RMax =   15.000     km

 __________________________________________________________________________

 Number of Source   depths, Sz =            1
 Source   depths, Sz (m)
   10.0000    


 __________________________________________________________________________

 Number of Receiver depths, Rz =           51
 Receiver depths, Rz (m)
   0.00000       1.00000       2.00000       3.00000       4.00000    
   5.00000       6.00000       7.00000       8.00000       9.00000    
          ... 
   50.0000    


 Mesh multiplier   CPU seconds
                --- Number of modes =          104
        1             0.00    s
                --- Number of modes =          104
        2            0.156E-01s
        4             0.00    s

    I    k (1/m)            alpha (1/m)   Phase Speed (m/s) Group Speed (m/s)
    1   4.188674204     -0.7450079957E-08   1500.041541       1499.960557    
    4   4.186933758     -0.1186947432E-06   1500.665086       1499.368588    
    7   4.183101935     -0.3601638068E-06   1502.039732       1498.064171    
   10   4.177172338     -0.7248906977E-06   1504.171913       1496.042738    
   13   4.169135079     -0.1203100233E-05   1507.071656       1493.297536    
   16   4.158976757     -0.1783294579E-05   1510.752686       1489.819961    
   19   4.146680434     -0.2453447817E-05   1515.232584       1485.599922    
   22   4.132225573     -0.3202160311E-05   1520.532990       1480.626169    
   25   4.115587954     -0.4019670691E-05   1526.679876       1474.886566    
   28   4.096739538     -0.4898683829E-05   1533.703876       1468.368286    
   31   4.075648304     -0.5835032646E-05   1541.640701       1461.057917    
   34   4.052278020     -0.6828241975E-05   1550.531646       1452.941512    
   37   4.026587980     -0.7882105189E-05   1560.424195       1444.004598    
   40   3.998532667     -0.9005428461E-05   1571.372759       1434.232180    
   43   3.968061380     -0.1021316297E-04   1583.439545       1423.608788    
   46   3.935117783     -0.1152826729E-04   1596.695615       1412.118643    
   49   3.899639405     -0.1298489186E-04   1611.222130       1399.746041    
   52   3.861557079     -0.1463401683E-04   1627.111856       1386.476197    
   55   3.820794352     -0.1655391556E-04   1644.470947       1372.296991    
   58   3.777266898     -0.1887093271E-04   1663.421060       1357.202706    
   61   3.730882104     -0.2180488536E-04   1684.101811       1341.202553    
   64   3.681539201     -0.2578279070E-04   1706.673476       1324.342602    
   67   3.629131307     -0.3178899207E-04   1731.319364       1306.774141    
   70   3.573555202     -0.4289995728E-04   1758.244927       1289.054031    
   73   3.514777559     -0.8026707198E-04   1787.648066       1275.150972    
   76   3.452471957     -0.8071597276E-03   1819.909151       1238.295563    
   79   3.385819880     -0.1376541213E-02   1855.735252       1213.627542    
   82   3.315132238     -0.1816120705E-02   1895.304578       1188.346451    
   85   3.240159402     -0.2210898328E-02   1939.159321       1161.648069    
   88   3.160599119     -0.2588394191E-02   1987.972872       1133.363627    
   91   3.076096401     -0.2962986996E-02   2042.584005       1103.355880    
   94   2.986232144     -0.3344603218E-02   2104.051194       1071.475752    
   97   2.890506575     -0.3741701892E-02   2173.731540       1037.549787    
  100   2.788316245     -0.4162771824E-02   2253.397662       1001.370581    
  103   2.678921561     -0.4617439365E-02   2345.415931       962.6853330    
 _________________________________________________

 End of environmental file
