
 __________________________________________________________________________
 Running FIELD
 Sums modes, producing pressure

 Point source
 Range-independent calculation

 Number of profiles   =            1
   0.00000    

 Number of receiver ranges =          501
 Receiver ranges (km)
   0.00000      0.400000      0.800000       1.20000       1.60000    
   2.00000       2.40000       2.80000       3.20000       3.60000    
   4.00000       4.40000       4.80000       5.20000       5.60000    
   6.00000       6.40000       6.80000       7.20000       7.60000    
   8.00000    
  ...    200.000000    

 __________________________________________________________________________


 Number of source   depths =            1
 Source depths (m)
   500.000    

 Number of receiver depths =         1001
 Receiver depths (m)
   0.00000       5.00000       10.0000       15.0000       20.0000    
   25.0000       30.0000       35.0000       40.0000       45.0000    
   50.0000       55.0000       60.0000       65.0000       70.0000    
   75.0000       80.0000       85.0000       90.0000       95.0000    
   100.000    
  ...    5000.00000    

 Number of receiver range offsets =         1001
 Receiver range offsets (km)
   0.00000       0.00000       0.00000       0.00000       0.00000    
   0.00000       0.00000       0.00000       0.00000       0.00000    
   0.00000       0.00000       0.00000       0.00000       0.00000    
   0.00000       0.00000       0.00000       0.00000       0.00000    
   0.00000    
  ...    0.00000000    

 Field completed successfully
