 _________________________________________________

 KRAKEN- Ideal                                                                   
 Frequency =   22.67    Hz
 NMedia    =   1


     N2-Linear approximation to SSP
     Attenuation units: dB/mkHz
     VACUUM


   z (m)     alphaR (m/s)   betaR  rho (g/cm^3)  alphaI     betaI


       ( # mesh points =     0  RMS rough =   0.00     )
      0.00      1500.00      0.00     1.00       0.0000    0.0000
   5000.00      1500.00      0.00     1.00       0.0000    0.0000
        ( Number mesh points auto calc. =         1511  )

                                 ( RMS rough =   0.00     )
     VACUUM

 cLow =   1400.0    m/s      cHigh =   1600.0    m/s
 RMax =    200.00000000000000      km

 __________________________________________________________________________


 Number of source   depths =            1
 Source depths (m)
   500.000    

 Number of receiver depths =         1001
 Receiver depths (m)
   0.00000       5.00000       10.0000       15.0000       20.0000    
   25.0000       30.0000       35.0000       40.0000       45.0000    
   50.0000       55.0000       60.0000       65.0000       70.0000    
   75.0000       80.0000       85.0000       90.0000       95.0000    
   100.000    
  ...    5000.00000    

 Mesh multiplier   CPU seconds
                --- Number of modes =           53
        1             0.00    s
                --- Number of modes =           53
        2             0.00    s

    I    k (1/m)            alpha (1/m)   Phase Speed (m/s) Group Speed (m/s)
    1  0.9494397192E-01   0.000000000       1500.032846       1499.967155    
    2  0.9493773460E-01   0.000000000       1500.131397       1499.868615    
    3  0.9492733816E-01   0.000000000       1500.295691       1499.704368    
    4  0.9491278123E-01   0.000000000       1500.525794       1499.474393    
    5  0.9489406190E-01   0.000000000       1500.821796       1499.178661    
    6  0.9487117770E-01   0.000000000       1501.183814       1498.817135    
    7  0.9484412561E-01   0.000000000       1501.611992       1498.389767    
    8  0.9481290208E-01   0.000000000       1502.106499       1497.896504    
    9  0.9477750297E-01   0.000000000       1502.667531       1497.337282    
   10  0.9473792361E-01   0.000000000       1503.295312       1496.712030    
   11  0.9469415876E-01   0.000000000       1503.990091       1496.020669    
   12  0.9464620260E-01   0.000000000       1504.752145       1495.263109    
   13  0.9459404877E-01   0.000000000       1505.581781       1494.439252    
   14  0.9453769031E-01   0.000000000       1506.479330       1493.548993    
   15  0.9447711971E-01   0.000000000       1507.445155       1492.592218    
   16  0.9441232885E-01   0.000000000       1508.479646       1491.568801    
   17  0.9434330904E-01   0.000000000       1509.583222       1490.478610    
   18  0.9427005100E-01   0.000000000       1510.756331       1489.321503    
   19  0.9419254483E-01   0.000000000       1511.999455       1488.097329    
   20  0.9411078003E-01   0.000000000       1513.313101       1486.805928    
   21  0.9402474550E-01   0.000000000       1514.697813       1485.447130    
   22  0.9393442951E-01   0.000000000       1516.154164       1484.020755    
   23  0.9383981969E-01   0.000000000       1517.682758       1482.526616    
   24  0.9374090305E-01   0.000000000       1519.284237       1480.964512    
   25  0.9363766592E-01   0.000000000       1520.959274       1479.334237    
   26  0.9353009402E-01   0.000000000       1522.708577       1477.635570    
   27  0.9341817235E-01   0.000000000       1524.532891       1475.868284    
   28  0.9330188528E-01   0.000000000       1526.432997       1474.032138    
   29  0.9318121645E-01   0.000000000       1528.409714       1472.126884    
   30  0.9305614882E-01   0.000000000       1530.463900       1470.152262    
   31  0.9292666463E-01   0.000000000       1532.596451       1468.107998    
   32  0.9279274539E-01   0.000000000       1534.808306       1465.993812    
   33  0.9265437187E-01   0.000000000       1537.100447       1463.809409    
   34  0.9251152408E-01   0.000000000       1539.473896       1461.554485    
   35  0.9236418127E-01   0.000000000       1541.929723       1459.228721    
   36  0.9221232188E-01   0.000000000       1544.469042       1456.831788    
   37  0.9205592357E-01   0.000000000       1547.093016       1454.363346    
   38  0.9189496316E-01   0.000000000       1549.802857       1451.823040    
   39  0.9172941663E-01   0.000000000       1552.599827       1449.210503    
   40  0.9155925910E-01   0.000000000       1555.485243       1446.525355    
   41  0.9138446483E-01   0.000000000       1558.460474       1443.767203    
   42  0.9120500715E-01   0.000000000       1561.526947       1440.935639    
   43  0.9102085848E-01   0.000000000       1564.686148       1438.030242    
   44  0.9083199029E-01   0.000000000       1567.939621       1435.050577    
   45  0.9063837308E-01   0.000000000       1571.288976       1431.996192    
   46  0.9043997634E-01   0.000000000       1574.735887       1428.866621    
   47  0.9023676855E-01   0.000000000       1578.282098       1425.661383    
   48  0.9002871714E-01   0.000000000       1581.929421       1422.379981    
   49  0.8981578844E-01   0.000000000       1585.679744       1419.021900    
   50  0.8959794768E-01   0.000000000       1589.535029       1415.586609    
   51  0.8937515894E-01   0.000000000       1593.497322       1412.073560    
   52  0.8914738514E-01   0.000000000       1597.568747       1408.482185    
 _________________________________________________

 End of environmental file
